<?xml version="1.0" encoding="UTF-8"?>
<testsuite name="ru.stqa.pft.sandbox.PointTests" tests="2" skipped="0" failures="0" errors="0" timestamp="2023-04-19T10:59:31" hostname="DESKTOP-D91029E" time="0.016">
  <properties/>
  <testcase name="testDistance1" classname="ru.stqa.pft.sandbox.PointTests" time="0.0"/>
  <testcase name="testDistance2" classname="ru.stqa.pft.sandbox.PointTests" time="0.0"/>
  <system-out><![CDATA[]]></system-out>
  <system-err><![CDATA[]]></system-err>
</testsuite>
